Arguments: 
  C:\Program Files\nodejs\node.exe C:\Users\PC\AppData\Roaming\npm\node_modules\yarn\bin\yarn.js add PM2

PATH: 
  C:\Program Files (x86)\Intel\iCLS Client\;C:\Program Files\Intel\iCLS Client\;C:\ProgramData\Oracle\Java\javapath;C:\WINDOWS\system32;C:\WINDOWS;C:\WINDOWS\System32\Wbem;C:\WINDOWS\System32\WindowsPowerShell\v1.0\;C:\Program Files\Intel\Intel(R) Management Engine Components\DAL;C:\Program Files\Intel\Intel(R) Management Engine Components\IPT;C:\Program Files (x86)\Intel\Intel(R) Management Engine Components\DAL;C:\Program Files (x86)\Intel\Intel(R) Management Engine Components\IPT;C:\Program Files (x86)\Intel\OpenCL SDK\2.0\bin\x86;C:\Program Files (x86)\Intel\OpenCL SDK\2.0\bin\x64;C:\Program Files\Intel\WiFi\bin\;C:\Program Files\Common Files\Intel\WirelessCommon\;C:\WINDOWS\System32\OpenSSH\;C:\Program Files\nodejs\;C:\Program Files (x86)\Android\android-sdk\platform-tools;C:\Program Files (x86)\Android\android-sdk\tools;C:\Program Files (x86)\Android\android-sdk;C:\Program Files\Java\jdk1.8.0_191;C:\Users\PC\AppData\Local\GitHubDesktop\app-1.5.1\resources\app\git\cmd;C:\Users\PC\AppData\Local\Programs\Python\Python37-32;C:\Program Files\Git\cmd;C:\Program Files\Git\mingw64\bin;C:\Program Files\Git\usr\bin;C:\Program Files\dotnet\;C:\Program Files (x86)\dotnet\;C:\bin;C:\Users\PC\AppData\Local\Microsoft\WindowsApps;C:\Users\PC\AppData\Local\Programs\Microsoft VS Code\bin;C:\Users\PC\AppData\Roaming\npm;C:\Program Files\JetBrains\JetBrains Rider 2019.3.4\bin;C:\Users\PC\.dotnet\tools;C:\Program Files\heroku\bin

Yarn version: 
  1.13.0

Node version: 
  10.15.0

Platform: 
  win32 x64

Trace: 
  Error: https://registry.yarnpkg.com/PM2: Not found
      at Request.params.callback [as _callback] (C:\Users\PC\AppData\Roaming\npm\node_modules\yarn\lib\cli.js:66255:18)
      at Request.self.callback (C:\Users\PC\AppData\Roaming\npm\node_modules\yarn\lib\cli.js:129397:22)
      at Request.emit (events.js:182:13)
      at Request.<anonymous> (C:\Users\PC\AppData\Roaming\npm\node_modules\yarn\lib\cli.js:130369:10)
      at Request.emit (events.js:182:13)
      at IncomingMessage.<anonymous> (C:\Users\PC\AppData\Roaming\npm\node_modules\yarn\lib\cli.js:130291:12)
      at Object.onceWrapper (events.js:273:13)
      at IncomingMessage.emit (events.js:187:15)
      at endReadableNT (_stream_readable.js:1094:12)
      at process._tickCallback (internal/process/next_tick.js:63:19)

npm manifest: 
  {
    "name": "server",
    "version": "1.0.0",
    "description": "",
    "main": "index.js",
    "scripts": {
      "start": "nodemon --exec babel-node index.js",
      "test": "mocha --recursive --watch --require @babel/register"
    },
    "author": "",
    "license": "ISC",
    "dependencies": {
      "@babel/core": "^7.8.4",
      "@babel/node": "^7.8.4",
      "@babel/plugin-proposal-class-properties": "^7.8.3",
      "@babel/plugin-proposal-private-methods": "^7.8.3",
      "@babel/preset-env": "^7.8.4",
      "@babel/preset-typescript": "^7.9.0",
      "@types/node": "^13.11.0",
      "@types/uuid": "^7.0.2",
      "chromedriver": "^81.0.0",
      "cors": "^2.8.5",
      "express": "^4.17.1",
      "nodemon": "^2.0.1",
      "selenium-webdriver": "^4.0.0-alpha.7",
      "socket.io": "^2.3.0",
      "webpack": "^4.42.1",
      "winston": "^3.2.1"
    },
    "devDependencies": {
      "@babel/core": "^7.8.4",
      "@babel/node": "^7.8.4",
      "@babel/plugin-proposal-class-properties": "^7.8.3",
      "@babel/plugin-proposal-private-methods": "^7.8.3",
      "@babel/preset-env": "^7.8.4",
      "babel-core": "^6.26.3",
      "babel-loader": "^8.1.0",
      "babel-polyfill": "^6.26.0",
      "babel-preset-es2015": "^6.24.1",
      "babel-preset-stage-0": "^6.24.1",
      "chai": "^4.2.0",
      "mocha": "^7.0.1",
      "sinon": "^9.0.0"
    }
  }

yarn manifest: 
  No manifest

Lockfile: 
  No lockfile
